2023-09-28 10:55:03,044 [INFO] Activator:176 - 


2023-09-28 10:55:03,046 [INFO] Activator:177 - !SESSION log4j initialized
2023-09-28 10:55:06,023 [INFO] LogOutputStream:77 - [STDOUT_REDIRECT] 
2023-09-28 10:55:07,303 [INFO] ApplicationProperties:184 - Using Application install path: C:\ST\STM32CubeIDE_1.13.2\STM32CubeIDE\plugins\com.st.stm32cube.common.mx_6.9.2.202309101412
2023-09-28 10:55:07,312 [INFO] DbMcusXml:78 - Set database path to: C:\ST\STM32CubeIDE_1.13.2\STM32CubeIDE\plugins\com.st.stm32cube.common.mx_6.9.2.202309101412\\db\/mcu/
2023-09-28 10:55:07,313 [INFO] ApiDb:274 - Set plugin database path to: C:\ST\STM32CubeIDE_1.13.2\STM32CubeIDE\plugins\com.st.stm32cube.common.mx_6.9.2.202309101412\\db\/plugins/boardmanager/
2023-09-28 10:55:07,313 [WARN] ApiDb:259 - Overriding images path with different value:  => C:\ST\STM32CubeIDE_1.13.2\STM32CubeIDE\plugins\com.st.stm32cube.common.mx_6.9.2.202309101412\\db\/plugins/mcufinder/images/
2023-09-28 10:55:07,941 [WARN] ApiFinderProperties:113 - C:\Users\AndriyB\.stmcufinder\plugins\mcufinder\mcu\mcuFinder.mfd doesn't exist
2023-09-28 10:55:07,942 [INFO] ApiDb:250 - Set database path to: C:\Users\AndriyB\.stmcufinder\plugins\mcufinder//mcu/
2023-09-28 10:55:07,943 [INFO] DbMcusAds:125 - Set database path to: C:\Users\AndriyB\.stmcufinder\plugins\mcufinder//mcu/
2023-09-28 10:55:07,944 [INFO] CrossReferenceDbSqlite:203 - Set database path to: C:\Users\AndriyB\.stmcufinder\plugins\mcufinder//mcu/cs/
2023-09-28 10:55:08,003 [INFO] RulesReader:64 - Compatibility file has been processed (293 Rules)
2023-09-28 10:55:08,053 [INFO] DbMcusXml:78 - Set database path to: C:\ST\STM32CubeIDE_1.13.2\STM32CubeIDE\plugins\com.st.stm32cube.common.mx_6.9.2.202309101412\\db\/mcu/
2023-09-28 10:55:08,053 [INFO] ApiDb:274 - Set plugin database path to: C:\ST\STM32CubeIDE_1.13.2\STM32CubeIDE\plugins\com.st.stm32cube.common.mx_6.9.2.202309101412\\db\/plugins/boardmanager/
2023-09-28 10:55:08,053 [INFO] ApiDb:261 - Set plugin images path to: C:\ST\STM32CubeIDE_1.13.2\STM32CubeIDE\plugins\com.st.stm32cube.common.mx_6.9.2.202309101412\\db\/plugins/mcufinder/images/
2023-09-28 10:55:08,053 [WARN] DbFile:41 - Overriding database path with different value: C:\Users\AndriyB\.stmcufinder\plugins\mcufinder/ => C:\Users\AndriyB\.stmcufinder\plugins\mcufinder
2023-09-28 10:55:08,053 [INFO] ApiDb:250 - Set database path to: C:\Users\AndriyB\.stmcufinder\plugins\mcufinder//mcu/
2023-09-28 10:55:08,053 [WARN] DbFile:41 - Overriding database path with different value: C:\Users\AndriyB\.stmcufinder\plugins\mcufinder/ => C:\Users\AndriyB\.stmcufinder\plugins\mcufinder
2023-09-28 10:55:08,053 [INFO] DbMcusAds:125 - Set database path to: C:\Users\AndriyB\.stmcufinder\plugins\mcufinder//mcu/
2023-09-28 10:55:08,053 [WARN] DbFile:41 - Overriding database path with different value: C:\Users\AndriyB\.stmcufinder\plugins\mcufinder/ => C:\Users\AndriyB\.stmcufinder\plugins\mcufinder
2023-09-28 10:55:08,053 [WARN] DbFile:41 - Overriding database path with different value: C:\Users\AndriyB\.stmcufinder\plugins\mcufinder/ => C:\Users\AndriyB\.stmcufinder\plugins\mcufinder
2023-09-28 10:55:08,053 [INFO] CrossReferenceDbSqlite:203 - Set database path to: C:\Users\AndriyB\.stmcufinder\plugins\mcufinder//mcu/cs/
2023-09-28 10:55:08,098 [INFO] MainPanel:262 - HeapMemory: 268435456
2023-09-28 10:55:08,135 [INFO] DbMcusXml:78 - Set database path to: C:\ST\STM32CubeIDE_1.13.2\STM32CubeIDE\plugins\com.st.stm32cube.common.mx_6.9.2.202309101412\\db\/mcu/
2023-09-28 10:55:08,135 [INFO] ApiDb:274 - Set plugin database path to: C:\ST\STM32CubeIDE_1.13.2\STM32CubeIDE\plugins\com.st.stm32cube.common.mx_6.9.2.202309101412\\db\/plugins/boardmanager/
2023-09-28 10:55:08,135 [INFO] ApiDb:261 - Set plugin images path to: C:\ST\STM32CubeIDE_1.13.2\STM32CubeIDE\plugins\com.st.stm32cube.common.mx_6.9.2.202309101412\\db\/plugins/mcufinder/images/
2023-09-28 10:55:08,135 [WARN] DbFile:41 - Overriding database path with different value: C:\Users\AndriyB\.stmcufinder\plugins\mcufinder/ => C:\Users\AndriyB\.stmcufinder\plugins\mcufinder
2023-09-28 10:55:08,135 [INFO] ApiDb:250 - Set database path to: C:\Users\AndriyB\.stmcufinder\plugins\mcufinder//mcu/
2023-09-28 10:55:08,135 [WARN] DbFile:41 - Overriding database path with different value: C:\Users\AndriyB\.stmcufinder\plugins\mcufinder/ => C:\Users\AndriyB\.stmcufinder\plugins\mcufinder
2023-09-28 10:55:08,135 [INFO] DbMcusAds:125 - Set database path to: C:\Users\AndriyB\.stmcufinder\plugins\mcufinder//mcu/
2023-09-28 10:55:08,135 [WARN] DbFile:41 - Overriding database path with different value: C:\Users\AndriyB\.stmcufinder\plugins\mcufinder/ => C:\Users\AndriyB\.stmcufinder\plugins\mcufinder
2023-09-28 10:55:08,135 [WARN] DbFile:41 - Overriding database path with different value: C:\Users\AndriyB\.stmcufinder\plugins\mcufinder/ => C:\Users\AndriyB\.stmcufinder\plugins\mcufinder
2023-09-28 10:55:08,135 [INFO] CrossReferenceDbSqlite:203 - Set database path to: C:\Users\AndriyB\.stmcufinder\plugins\mcufinder//mcu/cs/
2023-09-28 10:55:08,144 [INFO] ApplicationProperties:184 - Using Application install path: C:\ST\STM32CubeIDE_1.13.2\STM32CubeIDE\plugins\com.st.stm32cube.common.mx_6.9.2.202309101412
2023-09-28 10:55:08,145 [INFO] PluginManage:196 - Search for loadable plugins [exclusion list=, ]
2023-09-28 10:55:08,146 [INFO] PluginManage:310 - Check plugin analytics
2023-09-28 10:55:08,243 [INFO] AnalyticsPlugin:253 - Accepted Software Licenses: 
2023-09-28 10:55:08,243 [INFO] AnalyticsPlugin:255 - Accepted CMSIS Pack Licenses: 
2023-09-28 10:55:08,243 [INFO] AnalyticsPlugin:257 - Accepted Firmware Licenses: 
2023-09-28 10:55:08,245 [INFO] PluginManage:359 - Loaded plugin analytics (category:tool,tabindex:-1)
2023-09-28 10:55:08,245 [INFO] PluginManage:310 - Check plugin cadmodel
2023-09-28 10:55:08,248 [INFO] CADModel:105 - Init CAD model plugin
2023-09-28 10:55:08,248 [INFO] PluginManage:359 - Loaded plugin cadmodel (category:power,tabindex:5)
2023-09-28 10:55:08,248 [INFO] PluginManage:310 - Check plugin clock
2023-09-28 10:55:08,253 [INFO] PluginManage:359 - Loaded plugin clock (category:base,tabindex:2)
2023-09-28 10:55:08,253 [INFO] PluginManage:310 - Check plugin ddr
2023-09-28 10:55:08,254 [INFO] PluginManage:359 - Loaded plugin ddr (category:tool,tabindex:6)
2023-09-28 10:55:08,254 [INFO] PluginManage:310 - Check plugin filemanager
2023-09-28 10:55:08,338 [INFO] PluginManage:359 - Loaded plugin filemanager (category:base,tabindex:10)
2023-09-28 10:55:08,339 [INFO] PluginManage:310 - Check plugin ipmanager
2023-09-28 10:55:08,342 [INFO] PluginManage:359 - Loaded plugin ipmanager (category:base,tabindex:5)
2023-09-28 10:55:08,343 [INFO] PluginManage:310 - Check plugin lpbam
2023-09-28 10:55:08,349 [INFO] PluginManage:359 - Loaded plugin lpbam (category:base,tabindex:0)
2023-09-28 10:55:08,349 [INFO] PluginManage:310 - Check plugin memorymap
2023-09-28 10:55:08,354 [INFO] PluginManage:359 - Loaded plugin memorymap (category:base,tabindex:4)
2023-09-28 10:55:08,355 [INFO] PluginManage:310 - Check plugin pinoutandconfiguration
2023-09-28 10:55:08,366 [INFO] PluginManage:359 - Loaded plugin pinoutandconfiguration (category:base,tabindex:1)
2023-09-28 10:55:08,366 [INFO] PluginManage:310 - Check plugin pinoutconfig
2023-09-28 10:55:08,436 [WARN] SupportedApi:132 - Cannot load RTOS API schema: s4s-elt-must-match.1: The content of 'definitions' must match (annotation?, (simpleType | complexType)?, (unique | key | keyref)*)). A problem was found starting at: attribute.
2023-09-28 10:55:08,517 [INFO] PluginManage:359 - Loaded plugin pinoutconfig (category:base,tabindex:0)
2023-09-28 10:55:08,517 [INFO] PluginManage:310 - Check plugin power
2023-09-28 10:55:08,521 [INFO] PluginManage:359 - Loaded plugin power (category:power,tabindex:4)
2023-09-28 10:55:08,521 [INFO] PluginManage:310 - Check plugin projectmanager
2023-09-28 10:55:08,530 [INFO] PluginManage:359 - Loaded plugin projectmanager (category:projectmanager,tabindex:3)
2023-09-28 10:55:08,530 [INFO] PluginManage:310 - Check plugin thirdparty
2023-09-28 10:55:08,605 [INFO] PluginManage:359 - Loaded plugin thirdparty (category:base,tabindex:-1)
2023-09-28 10:55:08,605 [INFO] PluginManage:310 - Check plugin tools
2023-09-28 10:55:08,605 [WARN] IntegrityCheckThread:84 - waiting for thirdparty lock release [integrity check]
2023-09-28 10:55:08,606 [INFO] IntegrityCheckThread:86 - entering critical section [integrity check]
2023-09-28 10:55:08,606 [INFO] ThirdPartyUpdaterWithRetryManager:70 - Updater plugin not ready yet. [1/15]
2023-09-28 10:55:08,607 [INFO] PluginManage:359 - Loaded plugin tools (category:base,tabindex:7)
2023-09-28 10:55:08,607 [INFO] PluginManage:310 - Check plugin tutovideos
2023-09-28 10:55:08,709 [INFO] PluginManage:359 - Loaded plugin tutovideos (category:base,tabindex:-1)
2023-09-28 10:55:08,709 [INFO] PluginManage:310 - Check plugin updater
2023-09-28 10:55:08,715 [INFO] PluginManage:359 - Loaded plugin updater (category:base,tabindex:12)
2023-09-28 10:55:08,715 [INFO] PluginManage:310 - Check plugin userauth
2023-09-28 10:55:08,718 [INFO] UserAuth:113 - Init User Auth plugin
2023-09-28 10:55:08,718 [INFO] PluginManage:359 - Loaded plugin userauth (category:base,tabindex:14)
2023-09-28 10:55:08,719 [INFO] PluginManage:283 - PluginManage : Loaded plugins [17]
2023-09-28 10:55:08,834 [INFO] PinOutPanel:1499 - setPackage(No Configuration,No Configuration)
2023-09-28 10:55:08,891 [INFO] CADModel:165 - CPN selected for project level
2023-09-28 10:55:08,891 [INFO] CADModel:114 - Register for checkConnection events
2023-09-28 10:55:08,901 [INFO] IPUIPlugin:80 - create IPUIPlugin
2023-09-28 10:55:08,901 [INFO] PluginManager:220 - loadIPPluginJar : add adc
2023-09-28 10:55:08,902 [INFO] IPUIPlugin:80 - create IPUIPlugin
2023-09-28 10:55:08,903 [INFO] PluginManager:220 - loadIPPluginJar : add aes
2023-09-28 10:55:08,904 [INFO] IPUIPlugin:80 - create IPUIPlugin
2023-09-28 10:55:08,904 [INFO] PluginManager:220 - loadIPPluginJar : add can
2023-09-28 10:55:08,905 [INFO] IPUIPlugin:80 - create IPUIPlugin
2023-09-28 10:55:08,905 [INFO] PluginManager:220 - loadIPPluginJar : add comp
2023-09-28 10:55:08,906 [INFO] IPUIPlugin:80 - create IPUIPlugin
2023-09-28 10:55:08,906 [INFO] PluginManager:220 - loadIPPluginJar : add cryp
2023-09-28 10:55:08,908 [INFO] IPUIPlugin:80 - create IPUIPlugin
2023-09-28 10:55:08,908 [INFO] PluginManager:220 - loadIPPluginJar : add dfsdm
2023-09-28 10:55:08,911 [INFO] IPUIPlugin:80 - create IPUIPlugin
2023-09-28 10:55:08,911 [INFO] PluginManager:220 - loadIPPluginJar : add dma
2023-09-28 10:55:08,913 [INFO] IPUIPlugin:80 - create IPUIPlugin
2023-09-28 10:55:08,913 [INFO] PluginManager:220 - loadIPPluginJar : add dma3
2023-09-28 10:55:08,913 [INFO] IPUIPlugin:80 - create IPUIPlugin
2023-09-28 10:55:08,914 [INFO] PluginManager:220 - loadIPPluginJar : add fatfs
2023-09-28 10:55:08,916 [INFO] IPUIPlugin:80 - create IPUIPlugin
2023-09-28 10:55:08,916 [INFO] PluginManager:220 - loadIPPluginJar : add fmc
2023-09-28 10:55:08,919 [INFO] IPUIPlugin:80 - create IPUIPlugin
2023-09-28 10:55:08,920 [INFO] PluginManager:220 - loadIPPluginJar : add freertos
2023-09-28 10:55:08,920 [INFO] IPUIPlugin:80 - create IPUIPlugin
2023-09-28 10:55:08,920 [INFO] PluginManager:220 - loadIPPluginJar : add genericplugin
2023-09-28 10:55:08,921 [INFO] IPUIPlugin:80 - create IPUIPlugin
2023-09-28 10:55:08,921 [INFO] PluginManager:220 - loadIPPluginJar : add gfxmmu
2023-09-28 10:55:08,924 [INFO] IPUIPlugin:80 - create IPUIPlugin
2023-09-28 10:55:08,924 [INFO] PluginManager:220 - loadIPPluginJar : add gic
2023-09-28 10:55:08,926 [INFO] IPUIPlugin:80 - create IPUIPlugin
2023-09-28 10:55:08,926 [INFO] PluginManager:220 - loadIPPluginJar : add gpio
2023-09-28 10:55:08,928 [INFO] IPUIPlugin:80 - create IPUIPlugin
2023-09-28 10:55:08,928 [INFO] PluginManager:220 - loadIPPluginJar : add gtzc
2023-09-28 10:55:08,929 [INFO] IPUIPlugin:80 - create IPUIPlugin
2023-09-28 10:55:08,929 [INFO] PluginManager:220 - loadIPPluginJar : add hash
2023-09-28 10:55:08,931 [INFO] IPUIPlugin:80 - create IPUIPlugin
2023-09-28 10:55:08,931 [INFO] PluginManager:220 - loadIPPluginJar : add i2c
2023-09-28 10:55:08,932 [INFO] IPUIPlugin:80 - create IPUIPlugin
2023-09-28 10:55:08,932 [INFO] PluginManager:220 - loadIPPluginJar : add i2s
2023-09-28 10:55:08,934 [INFO] IPUIPlugin:80 - create IPUIPlugin
2023-09-28 10:55:08,934 [INFO] PluginManager:220 - loadIPPluginJar : add i3c
2023-09-28 10:55:08,936 [INFO] IPUIPlugin:80 - create IPUIPlugin
2023-09-28 10:55:08,936 [INFO] PluginManager:220 - loadIPPluginJar : add ipddr
2023-09-28 10:55:08,940 [INFO] IPUIPlugin:80 - create IPUIPlugin
2023-09-28 10:55:08,940 [INFO] PluginManager:220 - loadIPPluginJar : add linkedlist
2023-09-28 10:55:08,942 [INFO] IPUIPlugin:80 - create IPUIPlugin
2023-09-28 10:55:08,942 [INFO] PluginManager:220 - loadIPPluginJar : add lorawan
2023-09-28 10:55:08,943 [INFO] IPUIPlugin:80 - create IPUIPlugin
2023-09-28 10:55:08,943 [INFO] PluginManager:220 - loadIPPluginJar : add ltdc
2023-09-28 10:55:08,946 [INFO] IPUIPlugin:80 - create IPUIPlugin
2023-09-28 10:55:08,946 [INFO] PluginManager:220 - loadIPPluginJar : add mdma
2023-09-28 10:55:08,948 [INFO] IPUIPlugin:80 - create IPUIPlugin
2023-09-28 10:55:08,948 [INFO] PluginManager:220 - loadIPPluginJar : add nvic
2023-09-28 10:55:08,950 [INFO] IPUIPlugin:80 - create IPUIPlugin
2023-09-28 10:55:08,950 [INFO] PluginManager:220 - loadIPPluginJar : add opamp
2023-09-28 10:55:08,951 [INFO] IPUIPlugin:80 - create IPUIPlugin
2023-09-28 10:55:08,951 [INFO] PluginManager:220 - loadIPPluginJar : add openamp
2023-09-28 10:55:08,953 [INFO] IPUIPlugin:80 - create IPUIPlugin
2023-09-28 10:55:08,953 [INFO] PluginManager:220 - loadIPPluginJar : add pdm2pcm
2023-09-28 10:55:08,956 [INFO] IPUIPlugin:80 - create IPUIPlugin
2023-09-28 10:55:08,958 [INFO] PluginManager:220 - loadIPPluginJar : add plateformsettings
2023-09-28 10:55:08,959 [INFO] IPUIPlugin:80 - create IPUIPlugin
2023-09-28 10:55:08,959 [INFO] PluginManager:220 - loadIPPluginJar : add quadspi
2023-09-28 10:55:08,960 [INFO] IPUIPlugin:80 - create IPUIPlugin
2023-09-28 10:55:08,960 [INFO] PluginManager:220 - loadIPPluginJar : add resmgrutility
2023-09-28 10:55:08,962 [INFO] IPUIPlugin:80 - create IPUIPlugin
2023-09-28 10:55:08,962 [INFO] PluginManager:220 - loadIPPluginJar : add sai
2023-09-28 10:55:08,963 [INFO] IPUIPlugin:80 - create IPUIPlugin
2023-09-28 10:55:08,963 [INFO] PluginManager:220 - loadIPPluginJar : add spi
2023-09-28 10:55:08,966 [INFO] IPUIPlugin:80 - create IPUIPlugin
2023-09-28 10:55:08,966 [INFO] PluginManager:220 - loadIPPluginJar : add stm32_wpan
2023-09-28 10:55:08,966 [INFO] IPUIPlugin:80 - create IPUIPlugin
2023-09-28 10:55:08,967 [INFO] PluginManager:220 - loadIPPluginJar : add tim
2023-09-28 10:55:08,968 [INFO] IPUIPlugin:80 - create IPUIPlugin
2023-09-28 10:55:08,968 [INFO] PluginManager:220 - loadIPPluginJar : add touchsensing
2023-09-28 10:55:08,969 [INFO] IPUIPlugin:80 - create IPUIPlugin
2023-09-28 10:55:08,969 [INFO] PluginManager:220 - loadIPPluginJar : add tracer_emb
2023-09-28 10:55:08,970 [INFO] IPUIPlugin:80 - create IPUIPlugin
2023-09-28 10:55:08,970 [INFO] PluginManager:220 - loadIPPluginJar : add ts
2023-09-28 10:55:08,971 [INFO] IPUIPlugin:80 - create IPUIPlugin
2023-09-28 10:55:08,971 [INFO] PluginManager:220 - loadIPPluginJar : add tsc
2023-09-28 10:55:08,972 [INFO] IPUIPlugin:80 - create IPUIPlugin
2023-09-28 10:55:08,972 [INFO] PluginManager:220 - loadIPPluginJar : add ucpd
2023-09-28 10:55:08,973 [INFO] IPUIPlugin:80 - create IPUIPlugin
2023-09-28 10:55:08,973 [INFO] PluginManager:220 - loadIPPluginJar : add usart
2023-09-28 10:55:08,975 [INFO] IPUIPlugin:80 - create IPUIPlugin
2023-09-28 10:55:08,975 [INFO] PluginManager:220 - loadIPPluginJar : add usbx
2023-09-28 10:55:09,081 [INFO] CADModel:165 - CPN selected for project level
2023-09-28 10:55:09,081 [INFO] CADModel:114 - Register for checkConnection events
2023-09-28 10:55:09,082 [FATAL] Updater:308 - Updater called before beeing initialized
2023-09-28 10:55:09,082 [ERROR] CADModel:125 - Updater not yet initialized, retry later 
2023-09-28 10:55:09,165 [INFO] CADModel:165 - CPN selected for project level
2023-09-28 10:55:09,165 [INFO] CADModel:114 - Register for checkConnection events
2023-09-28 10:55:09,165 [FATAL] Updater:308 - Updater called before beeing initialized
2023-09-28 10:55:09,165 [ERROR] CADModel:125 - Updater not yet initialized, retry later 
2023-09-28 10:55:09,167 [FATAL] Updater:308 - Updater called before beeing initialized
2023-09-28 10:55:09,230 [FATAL] Updater:308 - Updater called before beeing initialized
2023-09-28 10:55:09,235 [INFO] DbMcusAds:53 - JSON generation date=Thu Sep 30 09:55:09 EEST 2021 (1632984909247)
2023-09-28 10:55:09,235 [FATAL] Updater:308 - Updater called before beeing initialized
2023-09-28 10:55:09,258 [WARN] DetailPanel:346 - Failed to get advertising image, set to default
2023-09-28 10:55:09,318 [FATAL] Updater:308 - Updater called before beeing initialized
2023-09-28 10:55:09,319 [FATAL] Updater:308 - Updater called before beeing initialized
2023-09-28 10:55:09,319 [FATAL] Updater:308 - Updater called before beeing initialized
2023-09-28 10:55:09,319 [WARN] DetailPanel:346 - Failed to get advertising image, set to default
2023-09-28 10:55:09,320 [FATAL] Updater:308 - Updater called before beeing initialized
2023-09-28 10:55:09,343 [ERROR] Updater:1120 - MainUpdater not yet initialized. External WinMGr cannot be set.
2023-09-28 10:55:09,345 [INFO] Updater:1056 - Updater Version found : 6.9.2
2023-09-28 10:55:09,356 [INFO] ApplicationProperties:184 - Using Application install path: C:\ST\STM32CubeIDE_1.13.2\STM32CubeIDE\plugins\com.st.stm32cube.common.mx_6.9.2.202309101412
2023-09-28 10:55:09,371 [INFO] MainUpdater:521 - Copy updater definitions from MX database
2023-09-28 10:55:09,393 [INFO] MainUpdater:554 - Copy flag file definitions from MX database
2023-09-28 10:55:09,394 [INFO] MainUpdater:570 - Copy thirdparty index definitions from MX database
2023-09-28 10:55:09,395 [INFO] MainUpdater:589 - Copy default thirdparty db definitions from MX database
2023-09-28 10:55:09,678 [INFO] MainUpdater:2868 - connection check result : 10
2023-09-28 10:55:09,678 [INFO] MainUpdater:3562 - Updater definition file requires update
2023-09-28 10:55:09,679 [INFO] MainUpdater:285 - Updater Check For Update Now.
2023-09-28 10:55:09,679 [INFO] MicroXplorer:498 - Change Database Version : DB.6.0.92
2023-09-28 10:55:09,687 [INFO] McuFinderGlobals:63 - Set McuFinder mode to 2 (CubeIDE integrated)
2023-09-28 10:55:09,687 [INFO] UserAuth:179 - activating auth plugin
2023-09-28 10:55:09,689 [INFO] UserAuth:393 - Internet connection configuration mode: 1
2023-09-28 10:55:09,695 [INFO] JxBrowserEngine:151 - Initiate JxBrowser Engine with user profile folder
2023-09-28 10:55:09,740 [INFO] ServerAccessManage:473 - Download File updaters.zip
2023-09-28 10:55:09,814 [INFO] FileExtend:240 - Unzip File : updaters.zip
2023-09-28 10:55:09,815 [INFO] FileExtend:255 - Standard Zip Deflate
2023-09-28 10:55:10,056 [INFO] ServerAccessManage:473 - Download File PacksControlFlags.xml
2023-09-28 10:55:10,111 [INFO] ServerAccessManage:473 - Download File cubemx.pidx
2023-09-28 10:55:10,262 [INFO] ServerAccessManage:473 - Download File STMicroelectronics.FP-ATR-ASTRA1.pdsc
2023-09-28 10:55:10,891 [INFO] ServerAccessManage:473 - Download File STMicroelectronics.FP-ATR-SIGFOX1.pdsc
2023-09-28 10:55:11,116 [INFO] ServerAccessManage:473 - Download File STMicroelectronics.FP-SNS-FLIGHT1.pdsc
2023-09-28 10:55:11,471 [INFO] ServerAccessManage:473 - Download File STMicroelectronics.FP-SNS-MOTENV1.pdsc
2023-09-28 10:55:11,607 [WARN] MainUpdater:1189 - Updater busy. Cannot search thirdparties
2023-09-28 10:55:11,607 [INFO] ThirdPartyUpdaterWithRetryManager:96 - Updater plugin is busy. [1/15]
2023-09-28 10:55:11,861 [INFO] ServerAccessManage:473 - Download File STMicroelectronics.FP-SNS-SMARTAG2.pdsc
2023-09-28 10:55:12,030 [INFO] ServerAccessManage:473 - Download File STMicroelectronics.X-CUBE-AI.pdsc
2023-09-28 10:55:12,346 [INFO] WebApp:157 - Instantiating new browser for Auth
2023-09-28 10:55:12,662 [INFO] WebApp:753 - Register for checkConnection events
2023-09-28 10:55:12,662 [INFO] WebApp:390 - Apply proxy settings
2023-09-28 10:55:12,662 [INFO] WebApp:475 - Chromium requires no authentication
2023-09-28 10:55:12,665 [INFO] WebApp:418 - Direct internet connection detected
2023-09-28 10:55:12,737 [INFO] WebApp:188 - Starting web application
2023-09-28 10:55:12,737 [INFO] WebApp:520 - Web application path used C:\ST\STM32CubeIDE_1.13.2\STM32CubeIDE\plugins\com.st.stm32cube.common.mx_6.9.2.202309101412\db\plugins\mcufinder\reactClient1\index.html
2023-09-28 10:55:13,473 [INFO] ServerAccessManage:473 - Download File STMicroelectronics.X-CUBE-ALS.pdsc
2023-09-28 10:55:13,771 [INFO] ServerAccessManage:473 - Download File STMicroelectronics.X-CUBE-BLE1.pdsc
2023-09-28 10:55:14,609 [WARN] MainUpdater:1189 - Updater busy. Cannot search thirdparties
2023-09-28 10:55:14,610 [INFO] ThirdPartyUpdaterWithRetryManager:96 - Updater plugin is busy. [2/15]
2023-09-28 10:55:15,191 [ERROR] ServerAccessManage:1089 - Problem, file not found on Server
2023-09-28 10:55:15,278 [INFO] ServerAccessManage:473 - Download File STMicroelectronics.X-CUBE-BLE2.pdsc
2023-09-28 10:55:16,097 [INFO] ServerAccessManage:473 - Download File STMicroelectronics.X-CUBE-BLEMGR.pdsc
2023-09-28 10:55:16,634 [INFO] ServerAccessManage:473 - Download File STMicroelectronics.X-CUBE-DISPLAY.pdsc
2023-09-28 10:55:17,309 [INFO] ServerAccessManage:473 - Download File STMicroelectronics.X-CUBE-EEPRMA1.pdsc
2023-09-28 10:55:17,570 [ERROR] ServerAccessManage:1089 - Problem, file not found on Server
2023-09-28 10:55:17,610 [WARN] MainUpdater:1189 - Updater busy. Cannot search thirdparties
2023-09-28 10:55:17,610 [INFO] ThirdPartyUpdaterWithRetryManager:96 - Updater plugin is busy. [3/15]
2023-09-28 10:55:17,919 [INFO] ServerAccessManage:473 - Download File STMicroelectronics.X-CUBE-FREERTOS.pdsc
2023-09-28 10:55:18,286 [INFO] ServerAccessManage:473 - Download File STMicroelectronics.X-CUBE-GNSS1.pdsc
2023-09-28 10:55:19,598 [ERROR] ServerAccessManage:1089 - Problem, file not found on Server
2023-09-28 10:55:19,803 [ERROR] ServerAccessManage:1089 - Problem, file not found on Server
2023-09-28 10:55:19,989 [ERROR] ServerAccessManage:1089 - Problem, file not found on Server
2023-09-28 10:55:20,126 [ERROR] ServerAccessManage:1089 - Problem, file not found on Server
2023-09-28 10:55:20,611 [WARN] MainUpdater:1189 - Updater busy. Cannot search thirdparties
2023-09-28 10:55:20,611 [INFO] ThirdPartyUpdaterWithRetryManager:96 - Updater plugin is busy. [4/15]
2023-09-28 10:55:20,679 [ERROR] ServerAccessManage:1089 - Problem, file not found on Server
2023-09-28 10:55:20,844 [ERROR] ServerAccessManage:1089 - Problem, file not found on Server
2023-09-28 10:55:20,958 [INFO] ServerAccessManage:473 - Download File STMicroelectronics.X-CUBE-ISPU.pdsc
2023-09-28 10:55:21,486 [INFO] ServerAccessManage:473 - Download File STMicroelectronics.X-CUBE-MEMS1.pdsc
2023-09-28 10:55:23,611 [WARN] MainUpdater:1189 - Updater busy. Cannot search thirdparties
2023-09-28 10:55:23,611 [INFO] ThirdPartyUpdaterWithRetryManager:96 - Updater plugin is busy. [5/15]
2023-09-28 10:55:24,551 [INFO] ServerAccessManage:473 - Download File STMicroelectronics.X-CUBE-NFC4.pdsc
2023-09-28 10:55:26,012 [INFO] ServerAccessManage:473 - Download File STMicroelectronics.X-CUBE-NFC6.pdsc
2023-09-28 10:55:26,213 [INFO] ServerAccessManage:473 - Download File STMicroelectronics.X-CUBE-NFC7.pdsc
2023-09-28 10:55:26,531 [INFO] ServerAccessManage:473 - Download File STMicroelectronics.X-CUBE-SFXS2LP1.pdsc
2023-09-28 10:55:26,612 [WARN] MainUpdater:1189 - Updater busy. Cannot search thirdparties
2023-09-28 10:55:26,612 [INFO] ThirdPartyUpdaterWithRetryManager:96 - Updater plugin is busy. [6/15]
2023-09-28 10:55:27,032 [INFO] ServerAccessManage:473 - Download File STMicroelectronics.X-CUBE-SUBG2.pdsc
2023-09-28 10:55:27,938 [INFO] ServerAccessManage:473 - Download File STMicroelectronics.X-CUBE-SMBUS.pdsc
2023-09-28 10:55:28,117 [ERROR] ServerAccessManage:1089 - Problem, file not found on Server
2023-09-28 10:55:28,224 [INFO] ServerAccessManage:473 - Download File STMicroelectronics.X-CUBE-TOF1.pdsc
2023-09-28 10:55:29,017 [ERROR] ServerAccessManage:1089 - Problem, file not found on Server
2023-09-28 10:55:29,220 [INFO] ServerAccessManage:473 - Download File STMicroelectronics.X-CUBE-TOUCHGFX.pdsc
2023-09-28 10:55:29,612 [WARN] MainUpdater:1189 - Updater busy. Cannot search thirdparties
2023-09-28 10:55:29,612 [INFO] ThirdPartyUpdaterWithRetryManager:96 - Updater plugin is busy. [7/15]
2023-09-28 10:55:31,288 [INFO] ServerAccessManage:473 - Download File STMicroelectronics.X-CUBE-ALGOBUILD.pdsc
2023-09-28 10:55:31,883 [INFO] ServerAccessManage:473 - Download File STMicroelectronics.X-CUBE-AZRTOS-H7.pdsc
2023-09-28 10:55:32,614 [WARN] MainUpdater:1189 - Updater busy. Cannot search thirdparties
2023-09-28 10:55:32,615 [INFO] ThirdPartyUpdaterWithRetryManager:96 - Updater plugin is busy. [8/15]
2023-09-28 10:55:32,971 [INFO] ServerAccessManage:473 - Download File STMicroelectronics.X-CUBE-AZRTOS-F4.pdsc
2023-09-28 10:55:33,236 [ERROR] LogOutputStream:75 - [STDERR_REDIRECT] SLF4J: Failed to load class "org.slf4j.impl.StaticLoggerBinder".
2023-09-28 10:55:33,236 [ERROR] LogOutputStream:75 - [STDERR_REDIRECT] SLF4J: Defaulting to no-operation (NOP) logger implementation
2023-09-28 10:55:33,237 [ERROR] LogOutputStream:75 - [STDERR_REDIRECT] SLF4J: See http://www.slf4j.org/codes.html#StaticLoggerBinder for further details.
2023-09-28 10:55:33,652 [INFO] ServerAccessManage:473 - Download File STMicroelectronics.X-CUBE-AZRTOS-F7.pdsc
2023-09-28 10:55:34,880 [INFO] ServerAccessManage:473 - Download File STMicroelectronics.X-CUBE-AZRTOS-L4.pdsc
2023-09-28 10:55:35,498 [INFO] ServerAccessManage:473 - Download File STMicroelectronics.X-CUBE-AZRTOS-L5.pdsc
2023-09-28 10:55:35,615 [WARN] MainUpdater:1189 - Updater busy. Cannot search thirdparties
2023-09-28 10:55:35,615 [INFO] ThirdPartyUpdaterWithRetryManager:96 - Updater plugin is busy. [9/15]
2023-09-28 10:55:36,164 [INFO] ServerAccessManage:473 - Download File STMicroelectronics.X-CUBE-AZRTOS-G0.pdsc
2023-09-28 10:55:36,663 [INFO] ServerAccessManage:473 - Download File STMicroelectronics.X-CUBE-AZRTOS-G4.pdsc
2023-09-28 10:55:37,529 [INFO] ServerAccessManage:473 - Download File STMicroelectronics.X-CUBE-AZRTOS-WB.pdsc
2023-09-28 10:55:38,521 [INFO] ServerAccessManage:473 - Download File STMicroelectronics.X-CUBE-AZRTOS-WL.pdsc
2023-09-28 10:55:38,617 [WARN] MainUpdater:1189 - Updater busy. Cannot search thirdparties
2023-09-28 10:55:38,617 [INFO] ThirdPartyUpdaterWithRetryManager:96 - Updater plugin is busy. [10/15]
2023-09-28 10:55:40,443 [INFO] ServerAccessManage:473 - Download File wolfSSL.I-CUBE-wolfSSL.pdsc
2023-09-28 10:55:41,619 [WARN] MainUpdater:1189 - Updater busy. Cannot search thirdparties
2023-09-28 10:55:41,619 [INFO] ThirdPartyUpdaterWithRetryManager:96 - Updater plugin is busy. [11/15]
2023-09-28 10:55:44,620 [WARN] MainUpdater:1189 - Updater busy. Cannot search thirdparties
2023-09-28 10:55:44,620 [INFO] ThirdPartyUpdaterWithRetryManager:96 - Updater plugin is busy. [12/15]
2023-09-28 10:55:47,621 [WARN] MainUpdater:1189 - Updater busy. Cannot search thirdparties
2023-09-28 10:55:47,621 [INFO] ThirdPartyUpdaterWithRetryManager:96 - Updater plugin is busy. [13/15]
2023-09-28 10:55:48,306 [ERROR] ServerAccessManage:1089 - Problem, file not found on Server
2023-09-28 10:55:48,805 [ERROR] ServerAccessManage:1089 - Problem, file not found on Server
2023-09-28 10:55:49,764 [ERROR] ServerAccessManage:1089 - Problem, file not found on Server
2023-09-28 10:55:50,621 [WARN] MainUpdater:1189 - Updater busy. Cannot search thirdparties
2023-09-28 10:55:50,621 [INFO] ThirdPartyUpdaterWithRetryManager:96 - Updater plugin is busy. [14/15]
2023-09-28 10:55:50,649 [ERROR] ServerAccessManage:1096 - Problem, Http access forbiden
2023-09-28 10:55:50,651 [ERROR] ServerAccessManage:651 - Problem, Http access forbiden : RoweBots.I-CUBE-UNISONRTOS.pdsc.
2023-09-28 10:55:51,021 [INFO] ServerAccessManage:473 - Download File SEGGER.I-CUBE-embOS.pdsc
2023-09-28 10:55:52,706 [INFO] ServerAccessManage:473 - Download File portGmbH.I-Cube-SoM-uGOAL.pdsc
2023-09-28 10:55:53,534 [ERROR] ServerAccessManage:1089 - Problem, file not found on Server
2023-09-28 10:55:53,581 [ERROR] ServerAccessManage:1089 - Problem, file not found on Server
2023-09-28 10:55:53,624 [WARN] MainUpdater:1189 - Updater busy. Cannot search thirdparties
2023-09-28 10:55:53,624 [INFO] ThirdPartyUpdaterWithRetryManager:96 - Updater plugin is busy. [15/15]
2023-09-28 10:55:53,624 [ERROR] IntegrityCheckThread:130 - Cannot retrieve database content from updater: error -1
2023-09-28 10:55:53,624 [INFO] ThirdParty:978 - Integrity check success = false
2023-09-28 10:55:53,624 [INFO] IntegrityCheckThread:100 - exiting critical section [integrity check]
2023-09-28 10:55:53,624 [INFO] IntegrityCheckThread:103 - End integrity checks thread
2023-09-28 10:55:53,629 [ERROR] ServerAccessManage:1089 - Problem, file not found on Server
2023-09-28 10:55:54,030 [INFO] ServerAccessManage:473 - Download File emotas.I-CUBE-CANOPEN.pdsc
2023-09-28 10:55:55,460 [INFO] ServerAccessManage:473 - Download File WES.I-CUBE-Cesium.pdsc
2023-09-28 10:55:57,940 [ERROR] ServerAccessManage:1089 - Problem, file not found on Server
2023-09-28 10:55:58,707 [ERROR] ServerAccessManage:1089 - Problem, file not found on Server
2023-09-28 10:55:58,753 [WARN] CheckServerUpdateThread:151 - Open CheckUpdateFile Fail
2023-09-28 10:55:58,754 [WARN] PackLoader:240 - Cannot read IP mode file for STMicroelectronics.FP-ATR-ASTRA1.2.0.0
2023-09-28 10:55:58,761 [WARN] PackLoader:240 - Cannot read IP mode file for STMicroelectronics.FP-ATR-SIGFOX1.3.2.0
2023-09-28 10:55:58,770 [WARN] PackLoader:240 - Cannot read IP mode file for STMicroelectronics.FP-SNS-FLIGHT1.5.0.2
2023-09-28 10:55:58,773 [WARN] PackLoader:240 - Cannot read IP mode file for STMicroelectronics.FP-SNS-MOTENV1.4.3.2
2023-09-28 10:55:58,778 [WARN] PackLoader:240 - Cannot read IP mode file for STMicroelectronics.FP-SNS-SMARTAG2.1.2.0
2023-09-28 10:55:58,780 [WARN] PackLoader:240 - Cannot read IP mode file for STMicroelectronics.X-CUBE-AI.8.1.0
2023-09-28 10:55:58,785 [WARN] PackLoader:240 - Cannot read IP mode file for STMicroelectronics.X-CUBE-ALS.1.0.1
2023-09-28 10:55:58,789 [WARN] PackLoader:240 - Cannot read IP mode file for STMicroelectronics.X-CUBE-BLE1.7.0.0
2023-09-28 10:55:58,793 [WARN] PackLoader:240 - Cannot read IP mode file for STMicroelectronics.X-CUBE-BLE2.3.3.0
2023-09-28 10:55:58,798 [WARN] PackLoader:240 - Cannot read IP mode file for STMicroelectronics.X-CUBE-BLEMGR.2.0.0
2023-09-28 10:55:58,809 [WARN] PackLoader:240 - Cannot read IP mode file for STMicroelectronics.X-CUBE-DISPLAY.3.0.0
2023-09-28 10:55:58,815 [WARN] PackLoader:240 - Cannot read IP mode file for STMicroelectronics.X-CUBE-EEPRMA1.4.1.0
2023-09-28 10:55:58,822 [WARN] PackLoader:240 - Cannot read IP mode file for STMicroelectronics.X-CUBE-FREERTOS.1.1.0
2023-09-28 10:55:58,826 [WARN] PackLoader:240 - Cannot read IP mode file for STMicroelectronics.X-CUBE-GNSS1.6.0.0
2023-09-28 10:55:58,829 [WARN] PackLoader:240 - Cannot read IP mode file for STMicroelectronics.X-CUBE-ISPU.1.1.0
2023-09-28 10:55:58,858 [WARN] PackLoader:240 - Cannot read IP mode file for STMicroelectronics.X-CUBE-MEMS1.9.6.0
2023-09-28 10:55:58,872 [INFO] CheckServerUpdateThread:120 - End of CheckServer Thread
2023-09-28 10:55:58,950 [WARN] PackLoader:240 - Cannot read IP mode file for STMicroelectronics.X-CUBE-NFC4.3.0.0
2023-09-28 10:55:58,957 [WARN] PackLoader:240 - Cannot read IP mode file for STMicroelectronics.X-CUBE-NFC6.3.0.0
2023-09-28 10:55:58,968 [WARN] PackLoader:240 - Cannot read IP mode file for STMicroelectronics.X-CUBE-NFC7.1.0.1
2023-09-28 10:55:58,978 [WARN] PackLoader:240 - Cannot read IP mode file for STMicroelectronics.X-CUBE-SFXS2LP1.4.0.0
2023-09-28 10:55:58,991 [WARN] PackLoader:240 - Cannot read IP mode file for STMicroelectronics.X-CUBE-SUBG2.5.0.0
2023-09-28 10:55:58,997 [WARN] PackLoader:240 - Cannot read IP mode file for STMicroelectronics.X-CUBE-SMBUS.2.1.0
2023-09-28 10:55:59,002 [WARN] PackLoader:240 - Cannot read IP mode file for STMicroelectronics.X-CUBE-TOF1.3.3.1
2023-09-28 10:55:59,011 [WARN] PackLoader:240 - Cannot read IP mode file for STMicroelectronics.X-CUBE-TOUCHGFX.4.22.0
2023-09-28 10:55:59,015 [WARN] PackLoader:240 - Cannot read IP mode file for STMicroelectronics.X-CUBE-ALGOBUILD.1.3.0
2023-09-28 10:55:59,028 [WARN] ConditionMgr:438 - getConditionDescription Invalid condition id : UX DEVICE CLASS RTOS Condition cause : null
2023-09-28 10:55:59,029 [WARN] ConditionMgr:438 - getConditionDescription Invalid condition id : UX DEVICE CLASS RTOS Condition cause : null
2023-09-28 10:55:59,031 [WARN] PackLoader:240 - Cannot read IP mode file for STMicroelectronics.X-CUBE-AZRTOS-H7.3.1.0
2023-09-28 10:55:59,032 [WARN] ConditionMgr:1039 - genDependencies : Invalid condition id : UX DEVICE CLASS RTOS Condition cause : null
2023-09-28 10:55:59,032 [WARN] ConditionMgr:1039 - genDependencies : Invalid condition id : UX DEVICE CLASS RTOS Condition cause : null
2023-09-28 10:55:59,033 [WARN] ConditionMgr:1039 - genDependencies : Invalid condition id : UX DEVICE CLASS RTOS Condition cause : null
2023-09-28 10:55:59,034 [WARN] ConditionMgr:1039 - genDependencies : Invalid condition id : UX DEVICE CLASS RTOS Condition cause : null
2023-09-28 10:55:59,034 [WARN] ConditionMgr:1039 - genDependencies : Invalid condition id : UX DEVICE CLASS RTOS Condition cause : null
2023-09-28 10:55:59,045 [WARN] PackLoader:240 - Cannot read IP mode file for STMicroelectronics.X-CUBE-AZRTOS-F4.1.1.0
2023-09-28 10:55:59,057 [WARN] PackLoader:240 - Cannot read IP mode file for STMicroelectronics.X-CUBE-AZRTOS-F7.1.1.0
2023-09-28 10:55:59,070 [WARN] ConditionMgr:438 - getConditionDescription Invalid condition id : LAN8742 Phy interface Condition cause : null
2023-09-28 10:55:59,070 [WARN] PackLoader:240 - Cannot read IP mode file for STMicroelectronics.X-CUBE-AZRTOS-L4.2.0.0
2023-09-28 10:55:59,071 [WARN] ConditionMgr:1039 - genDependencies : Invalid condition id : LAN8742 Phy interface Condition cause : null
2023-09-28 10:55:59,071 [WARN] ConditionMgr:1039 - genDependencies : Invalid condition id : LAN8742 Phy interface Condition cause : null
2023-09-28 10:55:59,072 [WARN] ConditionMgr:1039 - genDependencies : Invalid condition id : LAN8742 Phy interface Condition cause : null
2023-09-28 10:55:59,086 [WARN] PackLoader:240 - Cannot read IP mode file for STMicroelectronics.X-CUBE-AZRTOS-L5.2.0.0
2023-09-28 10:55:59,097 [WARN] PackLoader:240 - Cannot read IP mode file for STMicroelectronics.X-CUBE-AZRTOS-G0.1.1.0
2023-09-28 10:55:59,107 [WARN] PackLoader:240 - Cannot read IP mode file for STMicroelectronics.X-CUBE-AZRTOS-G4.2.0.0
2023-09-28 10:55:59,116 [WARN] ConditionMgr:438 - getConditionDescription Invalid condition id : UX DEVICE CLASS RTOS Condition cause : null
2023-09-28 10:55:59,116 [WARN] ConditionMgr:438 - getConditionDescription Invalid condition id : UX DEVICE CLASS RTOS Condition cause : null
2023-09-28 10:55:59,118 [WARN] PackLoader:240 - Cannot read IP mode file for STMicroelectronics.X-CUBE-AZRTOS-WB.2.0.0
2023-09-28 10:55:59,118 [WARN] ConditionMgr:1039 - genDependencies : Invalid condition id : UX DEVICE CLASS RTOS Condition cause : null
2023-09-28 10:55:59,118 [WARN] ConditionMgr:1039 - genDependencies : Invalid condition id : UX DEVICE CLASS RTOS Condition cause : null
2023-09-28 10:55:59,118 [WARN] ConditionMgr:1039 - genDependencies : Invalid condition id : UX DEVICE CLASS RTOS Condition cause : null
2023-09-28 10:55:59,119 [WARN] ConditionMgr:1039 - genDependencies : Invalid condition id : UX DEVICE CLASS RTOS Condition cause : null
2023-09-28 10:55:59,119 [WARN] ConditionMgr:1039 - genDependencies : Invalid condition id : UX DEVICE CLASS RTOS Condition cause : null
2023-09-28 10:55:59,125 [INFO] LogOutputStream:77 - [STDOUT_REDIRECT] 1 : Invalid condition id : UX_CORESTACK_Condition cause : null
2023-09-28 10:55:59,126 [INFO] LogOutputStream:77 - [STDOUT_REDIRECT] 1 : Invalid condition id : UX_CORESTACK_Condition cause : null
2023-09-28 10:55:59,126 [INFO] LogOutputStream:77 - [STDOUT_REDIRECT] 1 : Invalid condition id : UX_CORESTACK_Condition cause : null
2023-09-28 10:55:59,127 [INFO] LogOutputStream:77 - [STDOUT_REDIRECT] 1 : Invalid condition id : UX_CORESTACK_Condition cause : null
2023-09-28 10:55:59,127 [INFO] LogOutputStream:77 - [STDOUT_REDIRECT] 1 : Invalid condition id : UX_CORESTACK_Condition cause : null
2023-09-28 10:55:59,129 [WARN] PackLoader:240 - Cannot read IP mode file for STMicroelectronics.X-CUBE-AZRTOS-WL.2.0.0
2023-09-28 10:55:59,133 [WARN] PackLoader:240 - Cannot read IP mode file for wolfSSL.I-CUBE-wolfSSL.5.6.3
2023-09-28 10:55:59,153 [WARN] PackLoader:240 - Cannot read IP mode file for SEGGER.I-CUBE-embOS.1.3.1
2023-09-28 10:55:59,183 [WARN] PackLoader:240 - Cannot read IP mode file for portGmbH.I-Cube-SoM-uGOAL.1.1.0
2023-09-28 10:55:59,187 [WARN] PackLoader:240 - Cannot read IP mode file for emotas.I-CUBE-CANOPEN.1.3.0
2023-09-28 10:55:59,190 [WARN] PackLoader:240 - Cannot read IP mode file for WES.I-CUBE-Cesium.1.3.0
2023-09-28 10:55:59,191 [INFO] PopulateThirdPartyThread:66 - Ending populate Thread
2023-09-28 10:55:59,192 [INFO] ThirdParty:1030 - CMSIS Pack Vendor :STMicroelectronics X-CUBE-ISPU 1.1.0
2023-09-28 10:55:59,192 [INFO] ThirdParty:1030 - CMSIS Pack Vendor :STMicroelectronics X-CUBE-DISPLAY 3.0.0
2023-09-28 10:55:59,192 [INFO] ThirdParty:1030 - CMSIS Pack Vendor :STMicroelectronics X-CUBE-GNSS1 6.0.0
2023-09-28 10:55:59,192 [INFO] ThirdParty:1030 - CMSIS Pack Vendor :STMicroelectronics X-CUBE-AZRTOS-F4 1.1.0
2023-09-28 10:55:59,192 [INFO] ThirdParty:1030 - CMSIS Pack Vendor :STMicroelectronics FP-ATR-SIGFOX1 3.2.0
2023-09-28 10:55:59,192 [INFO] ThirdParty:1030 - CMSIS Pack Vendor :STMicroelectronics X-CUBE-BLE1 7.0.0
2023-09-28 10:55:59,192 [INFO] ThirdParty:1030 - CMSIS Pack Vendor :wolfSSL I-CUBE-wolfSSL 5.6.3
2023-09-28 10:55:59,192 [INFO] ThirdParty:1030 - CMSIS Pack Vendor :STMicroelectronics X-CUBE-SMBUS 2.1.0
2023-09-28 10:55:59,192 [INFO] ThirdParty:1030 - CMSIS Pack Vendor :STMicroelectronics X-CUBE-AZRTOS-WB 2.0.0
2023-09-28 10:55:59,192 [INFO] ThirdParty:1030 - CMSIS Pack Vendor :emotas I-CUBE-CANOPEN 1.3.0
2023-09-28 10:55:59,193 [INFO] ThirdParty:1030 - CMSIS Pack Vendor :STMicroelectronics X-CUBE-FREERTOS 1.1.0
2023-09-28 10:55:59,193 [INFO] ThirdParty:1030 - CMSIS Pack Vendor :STMicroelectronics X-CUBE-NFC7 1.0.1
2023-09-28 10:55:59,193 [INFO] ThirdParty:1030 - CMSIS Pack Vendor :STMicroelectronics X-CUBE-TOUCHGFX 4.22.0
2023-09-28 10:55:59,193 [INFO] ThirdParty:1030 - CMSIS Pack Vendor :STMicroelectronics X-CUBE-AZRTOS-F7 1.1.0
2023-09-28 10:55:59,193 [INFO] ThirdParty:1030 - CMSIS Pack Vendor :STMicroelectronics X-CUBE-AZRTOS-L5 2.0.0
2023-09-28 10:55:59,193 [INFO] ThirdParty:1030 - CMSIS Pack Vendor :STMicroelectronics X-CUBE-NFC6 3.0.0
2023-09-28 10:55:59,193 [INFO] ThirdParty:1030 - CMSIS Pack Vendor :STMicroelectronics X-CUBE-ALS 1.0.1
2023-09-28 10:55:59,193 [INFO] ThirdParty:1030 - CMSIS Pack Vendor :STMicroelectronics X-CUBE-EEPRMA1 4.1.0
2023-09-28 10:55:59,193 [INFO] ThirdParty:1030 - CMSIS Pack Vendor :portGmbH I-Cube-SoM-uGOAL 1.1.0
2023-09-28 10:55:59,193 [INFO] ThirdParty:1030 - CMSIS Pack Vendor :STMicroelectronics X-CUBE-MEMS1 9.6.0
2023-09-28 10:55:59,193 [INFO] ThirdParty:1030 - CMSIS Pack Vendor :STMicroelectronics FP-SNS-SMARTAG2 1.2.0
2023-09-28 10:55:59,193 [INFO] ThirdParty:1030 - CMSIS Pack Vendor :STMicroelectronics FP-SNS-MOTENV1 4.3.2
2023-09-28 10:55:59,193 [INFO] ThirdParty:1030 - CMSIS Pack Vendor :STMicroelectronics X-CUBE-ALGOBUILD 1.3.0
2023-09-28 10:55:59,193 [INFO] ThirdParty:1030 - CMSIS Pack Vendor :STMicroelectronics X-CUBE-AZRTOS-WL 2.0.0
2023-09-28 10:55:59,193 [INFO] ThirdParty:1030 - CMSIS Pack Vendor :SEGGER I-CUBE-embOS 1.3.1
2023-09-28 10:55:59,193 [INFO] ThirdParty:1030 - CMSIS Pack Vendor :STMicroelectronics X-CUBE-AZRTOS-G0 1.1.0
2023-09-28 10:55:59,193 [INFO] ThirdParty:1030 - CMSIS Pack Vendor :STMicroelectronics X-CUBE-AI 8.1.0
2023-09-28 10:55:59,193 [INFO] ThirdParty:1030 - CMSIS Pack Vendor :STMicroelectronics X-CUBE-BLEMGR 2.0.0
2023-09-28 10:55:59,193 [INFO] ThirdParty:1030 - CMSIS Pack Vendor :STMicroelectronics X-CUBE-NFC4 3.0.0
2023-09-28 10:55:59,194 [INFO] ThirdParty:1030 - CMSIS Pack Vendor :STMicroelectronics X-CUBE-SUBG2 5.0.0
2023-09-28 10:55:59,194 [INFO] ThirdParty:1030 - CMSIS Pack Vendor :STMicroelectronics X-CUBE-AZRTOS-L4 2.0.0
2023-09-28 10:55:59,194 [INFO] ThirdParty:1030 - CMSIS Pack Vendor :STMicroelectronics FP-ATR-ASTRA1 2.0.0
2023-09-28 10:55:59,194 [INFO] ThirdParty:1030 - CMSIS Pack Vendor :WES I-CUBE-Cesium 1.3.0
2023-09-28 10:55:59,194 [INFO] ThirdParty:1030 - CMSIS Pack Vendor :STMicroelectronics X-CUBE-SFXS2LP1 4.0.0
2023-09-28 10:55:59,194 [INFO] ThirdParty:1030 - CMSIS Pack Vendor :STMicroelectronics FP-SNS-FLIGHT1 5.0.2
2023-09-28 10:55:59,194 [INFO] ThirdParty:1030 - CMSIS Pack Vendor :STMicroelectronics X-CUBE-BLE2 3.3.0
2023-09-28 10:55:59,194 [INFO] ThirdParty:1030 - CMSIS Pack Vendor :STMicroelectronics X-CUBE-TOF1 3.3.1
2023-09-28 10:55:59,194 [INFO] ThirdParty:1030 - CMSIS Pack Vendor :STMicroelectronics X-CUBE-AZRTOS-G4 2.0.0
2023-09-28 10:55:59,194 [INFO] ThirdParty:1030 - CMSIS Pack Vendor :STMicroelectronics X-CUBE-AZRTOS-H7 3.1.0
2023-09-28 10:55:59,195 [INFO] LoadServerUpdatesThread:373 - End of LoadServerUpdate Thread
2023-09-28 10:57:04,454 [ERROR] LogOutputStream:75 - [STDERR_REDIRECT] 
